#
# There is insufficient memory for the Java Runtime Environment to continue.
# Native memory allocation (malloc) failed to allocate 38576 bytes for Chunk::new
# Possible reasons:
#   The system is out of physical RAM or swap space
#   The process is running with CompressedOops enabled, and the Java Heap may be blocking the growth of the native heap
# Possible solutions:
#   Reduce memory load on the system
#   Increase physical memory or swap space
#   Check if swap backing store is full
#   Decrease Java heap size (-Xmx/-Xms)
#   Decrease number of Java threads
#   Decrease Java thread stack sizes (-Xss)
#   Set larger code cache with -XX:ReservedCodeCacheSize=
#   JVM is running with Unscaled Compressed Oops mode in which the Java heap is
#     placed in the first 4GB address space. The Java Heap base address is the
#     maximum limit for the native heap growth. Please use -XX:HeapBaseMinAddress
#     to set the Java Heap base and to place the Java Heap above 4GB virtual address.
# This output file may be truncated or incomplete.
#
#  Out of Memory Error (arena.cpp:191), pid=12872, tid=17820
#
# JRE version: OpenJDK Runtime Environment (17.0.9) (build 17.0.9+0--11185874)
# Java VM: OpenJDK 64-Bit Server VM (17.0.9+0--11185874, mixed mode, tiered, compressed oops, compressed class ptrs, g1 gc, windows-amd64)
# No core dump will be written. Minidumps are not enabled by default on client versions of Windows
#

---------------  S U M M A R Y ------------

Command Line: -Dorg.gradle.appname=gradlew org.gradle.wrapper.GradleWrapperMain -q -Ptarget-platform=android-x64 -Ptarget=C:\Users\Taffy\OneDrive\Documents\MSc Fintech\IGP\igp_flutter_applications\TEAM6 APP\lib\main.dart -Pbase-application-name=android.app.Application -Pdart-defines=Zmx1dHRlci5pbnNwZWN0b3Iuc3RydWN0dXJlZEVycm9ycz10cnVl,RkxVVFRFUl9XRUJfQVVUT19ERVRFQ1Q9dHJ1ZQ==,RkxVVFRFUl9XRUJfQ0FOVkFTS0lUX1VSTD1odHRwczovL3d3dy5nc3RhdGljLmNvbS9mbHV0dGVyLWNhbnZhc2tpdC9hNWMyNGY1MzhkMDVhYWY2NmY3OTcyZmIyMzk1OWQ4Y2FmYjlmOTVhLw== -Pdart-obfuscation=false -Ptrack-widget-creation=true -Ptree-shake-icons=false -Pfilesystem-scheme=org-dartlang-root assembleDebug

Host: AMD Ryzen 3 3250U with Radeon Graphics         , 4 cores, 5G,  Windows 11 , 64 bit Build 22621 (10.0.22621.3374)
Time: Wed Apr 24 23:25:38 2024 GMT Daylight Time elapsed time: 36.001828 seconds (0d 0h 0m 36s)

---------------  T H R E A D  ---------------

Current thread (0x000002bd472d8000):  JavaThread "C2 CompilerThread0" daemon [_thread_in_native, id=17820, stack(0x000000d00cd00000,0x000000d00ce00000)]


Current CompileTask:
C2:  36002 1260       4       java.util.HashMap::getNode (150 bytes)

Stack: [0x000000d00cd00000,0x000000d00ce00000]
Native frames: (J=compiled Java code, j=interpreted, Vv=VM code, C=native code)
V  [jvm.dll+0x6886e9]
V  [jvm.dll+0x841e4a]
V  [jvm.dll+0x843a8e]
V  [jvm.dll+0x8440f3]
V  [jvm.dll+0x24c14f]
V  [jvm.dll+0xac44c]
V  [jvm.dll+0xaca9c]
V  [jvm.dll+0x2b376f]
V  [jvm.dll+0x590767]
V  [jvm.dll+0x226762]
V  [jvm.dll+0x21f802]
V  [jvm.dll+0x21d0c1]
V  [jvm.dll+0x1a674d]
V  [jvm.dll+0x22d088]
V  [jvm.dll+0x22b1c0]
V  [jvm.dll+0x7f62f7]
V  [jvm.dll+0x7f06aa]
V  [jvm.dll+0x687565]
C  [ucrtbase.dll+0x29333]
C  [KERNEL32.DLL+0x1257d]
C  [ntdll.dll+0x5aa48]


---------------  P R O C E S S  ---------------

Threads class SMR info:
_java_thread_list=0x000002bd4c9b4700, length=14, elements={
0x000002bd2f0b4a60, 0x000002bd47281630, 0x000002bd472824b0, 0x000002bd4729b3d0,
0x000002bd4729c150, 0x000002bd472d68a0, 0x000002bd472d7260, 0x000002bd472d8000,
0x000002bd472d97f0, 0x000002bd475573a0, 0x000002bd47698af0, 0x000002bd476a70d0,
0x000002bd4c8af920, 0x000002bd4cc4f010
}

Java Threads: ( => current thread )
  0x000002bd2f0b4a60 JavaThread "main" [_thread_in_native, id=9368, stack(0x000000d00c000000,0x000000d00c100000)]
  0x000002bd47281630 JavaThread "Reference Handler" daemon [_thread_blocked, id=27376, stack(0x000000d00c700000,0x000000d00c800000)]
  0x000002bd472824b0 JavaThread "Finalizer" daemon [_thread_blocked, id=29436, stack(0x000000d00c800000,0x000000d00c900000)]
  0x000002bd4729b3d0 JavaThread "Signal Dispatcher" daemon [_thread_blocked, id=29180, stack(0x000000d00c900000,0x000000d00ca00000)]
  0x000002bd4729c150 JavaThread "Attach Listener" daemon [_thread_blocked, id=25896, stack(0x000000d00ca00000,0x000000d00cb00000)]
  0x000002bd472d68a0 JavaThread "Service Thread" daemon [_thread_blocked, id=27504, stack(0x000000d00cb00000,0x000000d00cc00000)]
  0x000002bd472d7260 JavaThread "Monitor Deflation Thread" daemon [_thread_blocked, id=3896, stack(0x000000d00cc00000,0x000000d00cd00000)]
=>0x000002bd472d8000 JavaThread "C2 CompilerThread0" daemon [_thread_in_native, id=17820, stack(0x000000d00cd00000,0x000000d00ce00000)]
  0x000002bd472d97f0 JavaThread "C1 CompilerThread0" daemon [_thread_blocked, id=20236, stack(0x000000d00ce00000,0x000000d00cf00000)]
  0x000002bd475573a0 JavaThread "Sweeper thread" daemon [_thread_blocked, id=26440, stack(0x000000d00cf00000,0x000000d00d000000)]
  0x000002bd47698af0 JavaThread "Notification Thread" daemon [_thread_blocked, id=18616, stack(0x000000d00d000000,0x000000d00d100000)]
  0x000002bd476a70d0 JavaThread "Common-Cleaner" daemon [_thread_blocked, id=19852, stack(0x000000d00d200000,0x000000d00d300000)]
  0x000002bd4c8af920 JavaThread "pool-1-thread-1" [_thread_blocked, id=4768, stack(0x000000d00d600000,0x000000d00d700000)]
  0x000002bd4cc4f010 JavaThread "Forward input" [_thread_blocked, id=2980, stack(0x000000d00d900000,0x000000d00da00000)]

Other Threads:
  0x000002bd4727eb00 VMThread "VM Thread" [stack: 0x000000d00c600000,0x000000d00c700000] [id=13960]
  0x000002bd475d0490 WatcherThread [stack: 0x000000d00d100000,0x000000d00d200000] [id=23892]
  0x000002bd2f0fc510 GCTaskThread "GC Thread#0" [stack: 0x000000d00c100000,0x000000d00c200000] [id=28288]
  0x000002bd4c008600 GCTaskThread "GC Thread#1" [stack: 0x000000d00d300000,0x000000d00d400000] [id=18900]
  0x000002bd4c25ab80 GCTaskThread "GC Thread#2" [stack: 0x000000d00d400000,0x000000d00d500000] [id=14304]
  0x000002bd4c25ae40 GCTaskThread "GC Thread#3" [stack: 0x000000d00d500000,0x000000d00d600000] [id=29284]
  0x000002bd2f10a1c0 ConcurrentGCThread "G1 Main Marker" [stack: 0x000000d00c200000,0x000000d00c300000] [id=25272]
  0x000002bd2f10b380 ConcurrentGCThread "G1 Conc#0" [stack: 0x000000d00c300000,0x000000d00c400000] [id=20004]
  0x000002bd470f0090 ConcurrentGCThread "G1 Refine#0" [stack: 0x000000d00c400000,0x000000d00c500000] [id=7336]
  0x000002bd470f0ac0 ConcurrentGCThread "G1 Service" [stack: 0x000000d00c500000,0x000000d00c600000] [id=26800]

Threads with active compile tasks:
C2 CompilerThread0    36041 1260       4       java.util.HashMap::getNode (150 bytes)

VM state: not at safepoint (normal execution)

VM Mutex/Monitor currently owned by a thread: None

Heap address: 0x00000000a1c00000, size: 1508 MB, Compressed Oops mode: 32-bit

CDS archive(s) not mapped
Compressed class space mapped at: 0x0000000100000000-0x0000000140000000, reserved size: 1073741824
Narrow klass base: 0x0000000000000000, Narrow klass shift: 3, Narrow klass range: 0x140000000

GC Precious Log:
 CPUs: 4 total, 4 available
 Memory: 6030M
 Large Page Support: Disabled
 NUMA Support: Disabled
 Compressed Oops: Enabled (32-bit)
 Heap Region Size: 1M
 Heap Min Capacity: 8M
 Heap Initial Capacity: 96M
 Heap Max Capacity: 1508M
 Pre-touch: Disabled
 Parallel Workers: 4
 Concurrent Workers: 1
 Concurrent Refinement Workers: 4
 Periodic GC: Disabled

Heap:
 garbage-first heap   total 98304K, used 18203K [0x00000000a1c00000, 0x0000000100000000)
  region size 1024K, 12 young (12288K), 3 survivors (3072K)
 Metaspace       used 16093K, committed 16320K, reserved 1114112K
  class space    used 1879K, committed 1984K, reserved 1048576K

Heap Regions: E=young(eden), S=young(survivor), O=old, HS=humongous(starts), HC=humongous(continues), CS=collection set, F=free, OA=open archive, CA=closed archive, TAMS=top-at-mark-start (previous, next)
|   0|0x00000000a1c00000, 0x00000000a1d00000, 0x00000000a1d00000|100%|HS|  |TAMS 0x00000000a1c00000, 0x00000000a1c00000| Complete 
|   1|0x00000000a1d00000, 0x00000000a1e00000, 0x00000000a1e00000|100%|HC|  |TAMS 0x00000000a1d00000, 0x00000000a1d00000| Complete 
|   2|0x00000000a1e00000, 0x00000000a1f00000, 0x00000000a1f00000|100%|HC|  |TAMS 0x00000000a1e00000, 0x00000000a1e00000| Complete 
|   3|0x00000000a1f00000, 0x00000000a2000000, 0x00000000a2000000|100%| O|  |TAMS 0x00000000a1f00000, 0x00000000a1f00000| Untracked 
|   4|0x00000000a2000000, 0x00000000a2100000, 0x00000000a2100000|100%| O|  |TAMS 0x00000000a2000000, 0x00000000a2000000| Untracked 
|   5|0x00000000a2100000, 0x00000000a2200000, 0x00000000a2200000|100%| O|  |TAMS 0x00000000a2100000, 0x00000000a2100000| Untracked 
|   6|0x00000000a2200000, 0x00000000a22c6c00, 0x00000000a2300000| 77%| O|  |TAMS 0x00000000a2200000, 0x00000000a2200000| Untracked 
|   7|0x00000000a2300000, 0x00000000a2300000, 0x00000000a2400000|  0%| F|  |TAMS 0x00000000a2300000, 0x00000000a2300000| Untracked 
|   8|0x00000000a2400000, 0x00000000a2400000, 0x00000000a2500000|  0%| F|  |TAMS 0x00000000a2400000, 0x00000000a2400000| Untracked 
|   9|0x00000000a2500000, 0x00000000a2500000, 0x00000000a2600000|  0%| F|  |TAMS 0x00000000a2500000, 0x00000000a2500000| Untracked 
|  10|0x00000000a2600000, 0x00000000a2600000, 0x00000000a2700000|  0%| F|  |TAMS 0x00000000a2600000, 0x00000000a2600000| Untracked 
|  11|0x00000000a2700000, 0x00000000a2700000, 0x00000000a2800000|  0%| F|  |TAMS 0x00000000a2700000, 0x00000000a2700000| Untracked 
|  12|0x00000000a2800000, 0x00000000a2800000, 0x00000000a2900000|  0%| F|  |TAMS 0x00000000a2800000, 0x00000000a2800000| Untracked 
|  13|0x00000000a2900000, 0x00000000a2900000, 0x00000000a2a00000|  0%| F|  |TAMS 0x00000000a2900000, 0x00000000a2900000| Untracked 
|  14|0x00000000a2a00000, 0x00000000a2a00000, 0x00000000a2b00000|  0%| F|  |TAMS 0x00000000a2a00000, 0x00000000a2a00000| Untracked 
|  15|0x00000000a2b00000, 0x00000000a2b00000, 0x00000000a2c00000|  0%| F|  |TAMS 0x00000000a2b00000, 0x00000000a2b00000| Untracked 
|  16|0x00000000a2c00000, 0x00000000a2c00000, 0x00000000a2d00000|  0%| F|  |TAMS 0x00000000a2c00000, 0x00000000a2c00000| Untracked 
|  17|0x00000000a2d00000, 0x00000000a2d00000, 0x00000000a2e00000|  0%| F|  |TAMS 0x00000000a2d00000, 0x00000000a2d00000| Untracked 
|  18|0x00000000a2e00000, 0x00000000a2e00000, 0x00000000a2f00000|  0%| F|  |TAMS 0x00000000a2e00000, 0x00000000a2e00000| Untracked 
|  19|0x00000000a2f00000, 0x00000000a2f00000, 0x00000000a3000000|  0%| F|  |TAMS 0x00000000a2f00000, 0x00000000a2f00000| Untracked 
|  20|0x00000000a3000000, 0x00000000a3000000, 0x00000000a3100000|  0%| F|  |TAMS 0x00000000a3000000, 0x00000000a3000000| Untracked 
|  21|0x00000000a3100000, 0x00000000a3100000, 0x00000000a3200000|  0%| F|  |TAMS 0x00000000a3100000, 0x00000000a3100000| Untracked 
|  22|0x00000000a3200000, 0x00000000a3200000, 0x00000000a3300000|  0%| F|  |TAMS 0x00000000a3200000, 0x00000000a3200000| Untracked 
|  23|0x00000000a3300000, 0x00000000a3300000, 0x00000000a3400000|  0%| F|  |TAMS 0x00000000a3300000, 0x00000000a3300000| Untracked 
|  24|0x00000000a3400000, 0x00000000a3400000, 0x00000000a3500000|  0%| F|  |TAMS 0x00000000a3400000, 0x00000000a3400000| Untracked 
|  25|0x00000000a3500000, 0x00000000a3500000, 0x00000000a3600000|  0%| F|  |TAMS 0x00000000a3500000, 0x00000000a3500000| Untracked 
|  26|0x00000000a3600000, 0x00000000a3600000, 0x00000000a3700000|  0%| F|  |TAMS 0x00000000a3600000, 0x00000000a3600000| Untracked 
|  27|0x00000000a3700000, 0x00000000a3700000, 0x00000000a3800000|  0%| F|  |TAMS 0x00000000a3700000, 0x00000000a3700000| Untracked 
|  28|0x00000000a3800000, 0x00000000a3800000, 0x00000000a3900000|  0%| F|  |TAMS 0x00000000a3800000, 0x00000000a3800000| Untracked 
|  29|0x00000000a3900000, 0x00000000a3900000, 0x00000000a3a00000|  0%| F|  |TAMS 0x00000000a3900000, 0x00000000a3900000| Untracked 
|  30|0x00000000a3a00000, 0x00000000a3a00000, 0x00000000a3b00000|  0%| F|  |TAMS 0x00000000a3a00000, 0x00000000a3a00000| Untracked 
|  31|0x00000000a3b00000, 0x00000000a3b00000, 0x00000000a3c00000|  0%| F|  |TAMS 0x00000000a3b00000, 0x00000000a3b00000| Untracked 
|  32|0x00000000a3c00000, 0x00000000a3c00000, 0x00000000a3d00000|  0%| F|  |TAMS 0x00000000a3c00000, 0x00000000a3c00000| Untracked 
|  33|0x00000000a3d00000, 0x00000000a3d00000, 0x00000000a3e00000|  0%| F|  |TAMS 0x00000000a3d00000, 0x00000000a3d00000| Untracked 
|  34|0x00000000a3e00000, 0x00000000a3e00000, 0x00000000a3f00000|  0%| F|  |TAMS 0x00000000a3e00000, 0x00000000a3e00000| Untracked 
|  35|0x00000000a3f00000, 0x00000000a3f00000, 0x00000000a4000000|  0%| F|  |TAMS 0x00000000a3f00000, 0x00000000a3f00000| Untracked 
|  36|0x00000000a4000000, 0x00000000a4000000, 0x00000000a4100000|  0%| F|  |TAMS 0x00000000a4000000, 0x00000000a4000000| Untracked 
|  37|0x00000000a4100000, 0x00000000a4100000, 0x00000000a4200000|  0%| F|  |TAMS 0x00000000a4100000, 0x00000000a4100000| Untracked 
|  38|0x00000000a4200000, 0x00000000a4200000, 0x00000000a4300000|  0%| F|  |TAMS 0x00000000a4200000, 0x00000000a4200000| Untracked 
|  39|0x00000000a4300000, 0x00000000a4300000, 0x00000000a4400000|  0%| F|  |TAMS 0x00000000a4300000, 0x00000000a4300000| Untracked 
|  40|0x00000000a4400000, 0x00000000a4400000, 0x00000000a4500000|  0%| F|  |TAMS 0x00000000a4400000, 0x00000000a4400000| Untracked 
|  41|0x00000000a4500000, 0x00000000a4500000, 0x00000000a4600000|  0%| F|  |TAMS 0x00000000a4500000, 0x00000000a4500000| Untracked 
|  42|0x00000000a4600000, 0x00000000a4600000, 0x00000000a4700000|  0%| F|  |TAMS 0x00000000a4600000, 0x00000000a4600000| Untracked 
|  43|0x00000000a4700000, 0x00000000a4700000, 0x00000000a4800000|  0%| F|  |TAMS 0x00000000a4700000, 0x00000000a4700000| Untracked 
|  44|0x00000000a4800000, 0x00000000a4800000, 0x00000000a4900000|  0%| F|  |TAMS 0x00000000a4800000, 0x00000000a4800000| Untracked 
|  45|0x00000000a4900000, 0x00000000a4900000, 0x00000000a4a00000|  0%| F|  |TAMS 0x00000000a4900000, 0x00000000a4900000| Untracked 
|  46|0x00000000a4a00000, 0x00000000a4a00000, 0x00000000a4b00000|  0%| F|  |TAMS 0x00000000a4a00000, 0x00000000a4a00000| Untracked 
|  47|0x00000000a4b00000, 0x00000000a4b00000, 0x00000000a4c00000|  0%| F|  |TAMS 0x00000000a4b00000, 0x00000000a4b00000| Untracked 
|  48|0x00000000a4c00000, 0x00000000a4c00000, 0x00000000a4d00000|  0%| F|  |TAMS 0x00000000a4c00000, 0x00000000a4c00000| Untracked 
|  49|0x00000000a4d00000, 0x00000000a4d00000, 0x00000000a4e00000|  0%| F|  |TAMS 0x00000000a4d00000, 0x00000000a4d00000| Untracked 
|  50|0x00000000a4e00000, 0x00000000a4e00000, 0x00000000a4f00000|  0%| F|  |TAMS 0x00000000a4e00000, 0x00000000a4e00000| Untracked 
|  51|0x00000000a4f00000, 0x00000000a4f00000, 0x00000000a5000000|  0%| F|  |TAMS 0x00000000a4f00000, 0x00000000a4f00000| Untracked 
|  52|0x00000000a5000000, 0x00000000a5000000, 0x00000000a5100000|  0%| F|  |TAMS 0x00000000a5000000, 0x00000000a5000000| Untracked 
|  53|0x00000000a5100000, 0x00000000a5100000, 0x00000000a5200000|  0%| F|  |TAMS 0x00000000a5100000, 0x00000000a5100000| Untracked 
|  54|0x00000000a5200000, 0x00000000a5200000, 0x00000000a5300000|  0%| F|  |TAMS 0x00000000a5200000, 0x00000000a5200000| Untracked 
|  55|0x00000000a5300000, 0x00000000a5300000, 0x00000000a5400000|  0%| F|  |TAMS 0x00000000a5300000, 0x00000000a5300000| Untracked 
|  56|0x00000000a5400000, 0x00000000a5400000, 0x00000000a5500000|  0%| F|  |TAMS 0x00000000a5400000, 0x00000000a5400000| Untracked 
|  57|0x00000000a5500000, 0x00000000a5500000, 0x00000000a5600000|  0%| F|  |TAMS 0x00000000a5500000, 0x00000000a5500000| Untracked 
|  58|0x00000000a5600000, 0x00000000a5600000, 0x00000000a5700000|  0%| F|  |TAMS 0x00000000a5600000, 0x00000000a5600000| Untracked 
|  59|0x00000000a5700000, 0x00000000a5700000, 0x00000000a5800000|  0%| F|  |TAMS 0x00000000a5700000, 0x00000000a5700000| Untracked 
|  60|0x00000000a5800000, 0x00000000a5800000, 0x00000000a5900000|  0%| F|  |TAMS 0x00000000a5800000, 0x00000000a5800000| Untracked 
|  61|0x00000000a5900000, 0x00000000a5900000, 0x00000000a5a00000|  0%| F|  |TAMS 0x00000000a5900000, 0x00000000a5900000| Untracked 
|  62|0x00000000a5a00000, 0x00000000a5a00000, 0x00000000a5b00000|  0%| F|  |TAMS 0x00000000a5a00000, 0x00000000a5a00000| Untracked 
|  63|0x00000000a5b00000, 0x00000000a5b00000, 0x00000000a5c00000|  0%| F|  |TAMS 0x00000000a5b00000, 0x00000000a5b00000| Untracked 
|  64|0x00000000a5c00000, 0x00000000a5c00000, 0x00000000a5d00000|  0%| F|  |TAMS 0x00000000a5c00000, 0x00000000a5c00000| Untracked 
|  65|0x00000000a5d00000, 0x00000000a5d00000, 0x00000000a5e00000|  0%| F|  |TAMS 0x00000000a5d00000, 0x00000000a5d00000| Untracked 
|  66|0x00000000a5e00000, 0x00000000a5e00000, 0x00000000a5f00000|  0%| F|  |TAMS 0x00000000a5e00000, 0x00000000a5e00000| Untracked 
|  67|0x00000000a5f00000, 0x00000000a5f00000, 0x00000000a6000000|  0%| F|  |TAMS 0x00000000a5f00000, 0x00000000a5f00000| Untracked 
|  68|0x00000000a6000000, 0x00000000a6000000, 0x00000000a6100000|  0%| F|  |TAMS 0x00000000a6000000, 0x00000000a6000000| Untracked 
|  69|0x00000000a6100000, 0x00000000a6100000, 0x00000000a6200000|  0%| F|  |TAMS 0x00000000a6100000, 0x00000000a6100000| Untracked 
|  70|0x00000000a6200000, 0x00000000a6200000, 0x00000000a6300000|  0%| F|  |TAMS 0x00000000a6200000, 0x00000000a6200000| Untracked 
|  71|0x00000000a6300000, 0x00000000a6300000, 0x00000000a6400000|  0%| F|  |TAMS 0x00000000a6300000, 0x00000000a6300000| Untracked 
|  72|0x00000000a6400000, 0x00000000a6400000, 0x00000000a6500000|  0%| F|  |TAMS 0x00000000a6400000, 0x00000000a6400000| Untracked 
|  73|0x00000000a6500000, 0x00000000a6500000, 0x00000000a6600000|  0%| F|  |TAMS 0x00000000a6500000, 0x00000000a6500000| Untracked 
|  74|0x00000000a6600000, 0x00000000a6600000, 0x00000000a6700000|  0%| F|  |TAMS 0x00000000a6600000, 0x00000000a6600000| Untracked 
|  75|0x00000000a6700000, 0x00000000a6700000, 0x00000000a6800000|  0%| F|  |TAMS 0x00000000a6700000, 0x00000000a6700000| Untracked 
|  76|0x00000000a6800000, 0x00000000a6900000, 0x00000000a6900000|100%| S|CS|TAMS 0x00000000a6800000, 0x00000000a6800000| Complete 
|  77|0x00000000a6900000, 0x00000000a6a00000, 0x00000000a6a00000|100%| S|CS|TAMS 0x00000000a6900000, 0x00000000a6900000| Complete 
|  78|0x00000000a6a00000, 0x00000000a6b00000, 0x00000000a6b00000|100%| S|CS|TAMS 0x00000000a6a00000, 0x00000000a6a00000| Complete 
|  79|0x00000000a6b00000, 0x00000000a6b00000, 0x00000000a6c00000|  0%| F|  |TAMS 0x00000000a6b00000, 0x00000000a6b00000| Untracked 
|  80|0x00000000a6c00000, 0x00000000a6c00000, 0x00000000a6d00000|  0%| F|  |TAMS 0x00000000a6c00000, 0x00000000a6c00000| Untracked 
|  81|0x00000000a6d00000, 0x00000000a6d00000, 0x00000000a6e00000|  0%| F|  |TAMS 0x00000000a6d00000, 0x00000000a6d00000| Untracked 
|  82|0x00000000a6e00000, 0x00000000a6e00000, 0x00000000a6f00000|  0%| F|  |TAMS 0x00000000a6e00000, 0x00000000a6e00000| Untracked 
|  83|0x00000000a6f00000, 0x00000000a6f00000, 0x00000000a7000000|  0%| F|  |TAMS 0x00000000a6f00000, 0x00000000a6f00000| Untracked 
|  84|0x00000000a7000000, 0x00000000a7000000, 0x00000000a7100000|  0%| F|  |TAMS 0x00000000a7000000, 0x00000000a7000000| Untracked 
|  85|0x00000000a7100000, 0x00000000a7100000, 0x00000000a7200000|  0%| F|  |TAMS 0x00000000a7100000, 0x00000000a7100000| Untracked 
|  86|0x00000000a7200000, 0x00000000a7200000, 0x00000000a7300000|  0%| F|  |TAMS 0x00000000a7200000, 0x00000000a7200000| Untracked 
|  87|0x00000000a7300000, 0x00000000a736fe18, 0x00000000a7400000| 43%| E|  |TAMS 0x00000000a7300000, 0x00000000a7300000| Complete 
|  88|0x00000000a7400000, 0x00000000a7500000, 0x00000000a7500000|100%| E|CS|TAMS 0x00000000a7400000, 0x00000000a7400000| Complete 
|  89|0x00000000a7500000, 0x00000000a7600000, 0x00000000a7600000|100%| E|CS|TAMS 0x00000000a7500000, 0x00000000a7500000| Complete 
|  90|0x00000000a7600000, 0x00000000a7700000, 0x00000000a7700000|100%| E|CS|TAMS 0x00000000a7600000, 0x00000000a7600000| Complete 
|  91|0x00000000a7700000, 0x00000000a7800000, 0x00000000a7800000|100%| E|CS|TAMS 0x00000000a7700000, 0x00000000a7700000| Complete 
|  92|0x00000000a7800000, 0x00000000a7900000, 0x00000000a7900000|100%| E|CS|TAMS 0x00000000a7800000, 0x00000000a7800000| Complete 
|  93|0x00000000a7900000, 0x00000000a7a00000, 0x00000000a7a00000|100%| E|CS|TAMS 0x00000000a7900000, 0x00000000a7900000| Complete 
|  94|0x00000000a7a00000, 0x00000000a7b00000, 0x00000000a7b00000|100%| E|CS|TAMS 0x00000000a7a00000, 0x00000000a7a00000| Complete 
|  95|0x00000000a7b00000, 0x00000000a7c00000, 0x00000000a7c00000|100%| E|CS|TAMS 0x00000000a7b00000, 0x00000000a7b00000| Complete 

Card table byte_map: [0x000002bd41880000,0x000002bd41b80000] _byte_map_base: 0x000002bd41372000

Marking Bits (Prev, Next): (CMBitMap*) 0x000002bd2f0fdb40, (CMBitMap*) 0x000002bd2f0fdb80
 Prev Bits: [0x000002bd41e80000, 0x000002bd43610000)
 Next Bits: [0x000002bd43610000, 0x000002bd44da0000)

Polling page: 0x000002bd2cea0000

Metaspace:

Usage:
  Non-class:     13.88 MB used.
      Class:      1.84 MB used.
       Both:     15.72 MB used.

Virtual space:
  Non-class space:       64.00 MB reserved,      14.00 MB ( 22%) committed,  1 nodes.
      Class space:        1.00 GB reserved,       1.94 MB ( <1%) committed,  1 nodes.
             Both:        1.06 GB reserved,      15.94 MB (  1%) committed. 

Chunk freelists:
   Non-Class:  2.05 MB
       Class:  14.05 MB
        Both:  16.09 MB

MaxMetaspaceSize: unlimited
CompressedClassSpaceSize: 1.00 GB
Initial GC threshold: 21.00 MB
Current GC threshold: 21.00 MB
CDS: off
MetaspaceReclaimPolicy: balanced
 - commit_granule_bytes: 65536.
 - commit_granule_words: 8192.
 - virtual_space_node_default_size: 8388608.
 - enlarge_chunks_in_place: 1.
 - new_chunks_are_fully_committed: 0.
 - uncommit_free_chunks: 1.
 - use_allocation_guard: 0.
 - handle_deallocations: 1.


Internal statistics:

num_allocs_failed_limit: 0.
num_arena_births: 78.
num_arena_deaths: 0.
num_vsnodes_births: 2.
num_vsnodes_deaths: 0.
num_space_committed: 255.
num_space_uncommitted: 0.
num_chunks_returned_to_freelist: 0.
num_chunks_taken_from_freelist: 297.
num_chunk_merges: 0.
num_chunk_splits: 197.
num_chunks_enlarged: 164.
num_inconsistent_stats: 0.

CodeHeap 'non-profiled nmethods': size=120000Kb used=468Kb max_used=468Kb free=119531Kb
 bounds [0x000002bd3a050000, 0x000002bd3a2c0000, 0x000002bd41580000]
CodeHeap 'profiled nmethods': size=120000Kb used=2343Kb max_used=2343Kb free=117656Kb
 bounds [0x000002bd32580000, 0x000002bd327f0000, 0x000002bd39ab0000]
CodeHeap 'non-nmethods': size=5760Kb used=1164Kb max_used=1179Kb free=4595Kb
 bounds [0x000002bd39ab0000, 0x000002bd39d20000, 0x000002bd3a050000]
 total_blobs=1727 nmethods=1269 adapters=371
 compilation: enabled
              stopped_count=0, restarted_count=0
 full_count=0

Compilation events (20 events):
Event: 35.992 Thread 0x000002bd472d97f0 1252       1       org.gradle.internal.logging.text.AbstractLineChoppingStyledTextOutput$SeenFromEol::size (5 bytes)
Event: 35.992 Thread 0x000002bd472d97f0 nmethod 1252 0x000002bd3a0c4990 code [0x000002bd3a0c4b20, 0x000002bd3a0c4bf8]
Event: 35.992 Thread 0x000002bd472d97f0 1253       1       org.gradle.internal.logging.text.AbstractLineChoppingStyledTextOutput$StateContext::access$000 (5 bytes)
Event: 35.992 Thread 0x000002bd472d97f0 nmethod 1253 0x000002bd3a0c4c90 code [0x000002bd3a0c4e20, 0x000002bd3a0c4ed8]
Event: 35.995 Thread 0x000002bd472d97f0 1254       1       org.gradle.internal.logging.text.AbstractLineChoppingStyledTextOutput$StateContext::access$500 (5 bytes)
Event: 35.995 Thread 0x000002bd472d97f0 nmethod 1254 0x000002bd3a0c4f90 code [0x000002bd3a0c5120, 0x000002bd3a0c51d8]
Event: 35.995 Thread 0x000002bd472d97f0 1255       3       org.gradle.internal.logging.text.AbstractLineChoppingStyledTextOutput$StateContext::isCurrentCharEquals (70 bytes)
Event: 35.996 Thread 0x000002bd472d97f0 nmethod 1255 0x000002bd327c2b90 code [0x000002bd327c2da0, 0x000002bd327c34b8]
Event: 35.996 Thread 0x000002bd472d97f0 1256       3       org.gradle.internal.logging.text.AbstractLineChoppingStyledTextOutput$StateContext::hasChar (25 bytes)
Event: 35.996 Thread 0x000002bd472d97f0 nmethod 1256 0x000002bd327c3810 code [0x000002bd327c39a0, 0x000002bd327c3b38]
Event: 35.996 Thread 0x000002bd472d97f0 1257       3       org.gradle.internal.logging.text.AbstractLineChoppingStyledTextOutput$StateContext::setState (10 bytes)
Event: 35.997 Thread 0x000002bd472d97f0 nmethod 1257 0x000002bd327c3c10 code [0x000002bd327c3dc0, 0x000002bd327c3f78]
Event: 35.997 Thread 0x000002bd472d97f0 1258       3       org.gradle.internal.logging.text.AbstractLineChoppingStyledTextOutput::access$402 (7 bytes)
Event: 35.997 Thread 0x000002bd472d97f0 nmethod 1258 0x000002bd327c4090 code [0x000002bd327c4220, 0x000002bd327c4358]
Event: 35.997 Thread 0x000002bd472d97f0 1259       3       java.nio.ByteBuffer::arrayOffset (35 bytes)
Event: 35.997 Thread 0x000002bd472d8000 1260       4       java.util.HashMap::getNode (150 bytes)
Event: 35.997 Thread 0x000002bd472d97f0 nmethod 1259 0x000002bd327c4410 code [0x000002bd327c45e0, 0x000002bd327c48b8]
Event: 35.998 Thread 0x000002bd472d97f0 1261       3       org.gradle.internal.logging.text.AbstractLineChoppingStyledTextOutput$1::execute (9 bytes)
Event: 35.998 Thread 0x000002bd472d97f0 nmethod 1261 0x000002bd327c4a10 code [0x000002bd327c4bc0, 0x000002bd327c4de8]
Event: 35.998 Thread 0x000002bd472d97f0 1262       3       org.gradle.internal.logging.text.AbstractLineChoppingStyledTextOutput$1::execute (140 bytes)

GC Heap History (4 events):
Event: 1.213 GC heap before
{Heap before GC invocations=0 (full 0):
 garbage-first heap   total 98304K, used 15360K [0x00000000a1c00000, 0x0000000100000000)
  region size 1024K, 13 young (13312K), 0 survivors (0K)
 Metaspace       used 8439K, committed 8576K, reserved 1114112K
  class space    used 742K, committed 768K, reserved 1048576K
}
Event: 1.229 GC heap after
{Heap after GC invocations=1 (full 0):
 garbage-first heap   total 98304K, used 3308K [0x00000000a1c00000, 0x0000000100000000)
  region size 1024K, 2 young (2048K), 2 survivors (2048K)
 Metaspace       used 8439K, committed 8576K, reserved 1114112K
  class space    used 742K, committed 768K, reserved 1048576K
}
Event: 2.273 GC heap before
{Heap before GC invocations=1 (full 0):
 garbage-first heap   total 98304K, used 21740K [0x00000000a1c00000, 0x0000000100000000)
  region size 1024K, 17 young (17408K), 2 survivors (2048K)
 Metaspace       used 13053K, committed 13248K, reserved 1114112K
  class space    used 1469K, committed 1536K, reserved 1048576K
}
Event: 2.276 GC heap after
{Heap after GC invocations=2 (full 0):
 garbage-first heap   total 98304K, used 10011K [0x00000000a1c00000, 0x0000000100000000)
  region size 1024K, 3 young (3072K), 3 survivors (3072K)
 Metaspace       used 13053K, committed 13248K, reserved 1114112K
  class space    used 1469K, committed 1536K, reserved 1048576K
}

Dll operation events (2 events):
Event: 0.016 Loaded shared library C:\Program Files\Android\Android Studio\jbr\bin\java.dll
Event: 0.351 Loaded shared library C:\Program Files\Android\Android Studio\jbr\bin\verify.dll

Deoptimization events (20 events):
Event: 2.288 Thread 0x000002bd2f0b4a60 DEOPT PACKING pc=0x000002bd3261cee5 sp=0x000000d00c0fb2d0
Event: 2.288 Thread 0x000002bd2f0b4a60 DEOPT UNPACKING pc=0x000002bd39b07143 sp=0x000000d00c0fa720 mode 0
Event: 2.370 Thread 0x000002bd2f0b4a60 DEOPT PACKING pc=0x000002bd3266dd38 sp=0x000000d00c0f9df0
Event: 2.370 Thread 0x000002bd2f0b4a60 DEOPT UNPACKING pc=0x000002bd39b07143 sp=0x000000d00c0f9308 mode 0
Event: 2.413 Thread 0x000002bd2f0b4a60 Uncommon trap: trap_request=0xffffffc6 fr.pc=0x000002bd3a0aae50 relative=0x0000000000000570
Event: 2.413 Thread 0x000002bd2f0b4a60 Uncommon trap: reason=bimorphic_or_optimized_type_check action=maybe_recompile pc=0x000002bd3a0aae50 method=java.util.concurrent.ConcurrentHashMap.get(Ljava/lang/Object;)Ljava/lang/Object; @ 149 c2
Event: 2.413 Thread 0x000002bd2f0b4a60 DEOPT PACKING pc=0x000002bd3a0aae50 sp=0x000000d00c0fb5a0
Event: 2.413 Thread 0x000002bd2f0b4a60 DEOPT UNPACKING pc=0x000002bd39b069a3 sp=0x000000d00c0fb540 mode 2
Event: 2.576 Thread 0x000002bd2f0b4a60 Uncommon trap: trap_request=0xffffff45 fr.pc=0x000002bd3a09fdc8 relative=0x0000000000001b08
Event: 2.576 Thread 0x000002bd2f0b4a60 Uncommon trap: reason=unstable_if action=reinterpret pc=0x000002bd3a09fdc8 method=java.io.WinNTFileSystem.normalize(Ljava/lang/String;)Ljava/lang/String; @ 128 c2
Event: 2.576 Thread 0x000002bd2f0b4a60 DEOPT PACKING pc=0x000002bd3a09fdc8 sp=0x000000d00c0fb5b0
Event: 2.576 Thread 0x000002bd2f0b4a60 DEOPT UNPACKING pc=0x000002bd39b069a3 sp=0x000000d00c0fb598 mode 2
Event: 3.747 Thread 0x000002bd2f0b4a60 Uncommon trap: trap_request=0xffffff45 fr.pc=0x000002bd3a085958 relative=0x0000000000000618
Event: 3.747 Thread 0x000002bd2f0b4a60 Uncommon trap: reason=unstable_if action=reinterpret pc=0x000002bd3a085958 method=java.lang.AbstractStringBuilder.append(Ljava/lang/String;)Ljava/lang/AbstractStringBuilder; @ 1 c2
Event: 3.747 Thread 0x000002bd2f0b4a60 DEOPT PACKING pc=0x000002bd3a085958 sp=0x000000d00c0fc340
Event: 3.747 Thread 0x000002bd2f0b4a60 DEOPT UNPACKING pc=0x000002bd39b069a3 sp=0x000000d00c0fc2c0 mode 2
Event: 3.748 Thread 0x000002bd2f0b4a60 Uncommon trap: trap_request=0xffffff45 fr.pc=0x000002bd3a0948e8 relative=0x0000000000000628
Event: 3.748 Thread 0x000002bd2f0b4a60 Uncommon trap: reason=unstable_if action=reinterpret pc=0x000002bd3a0948e8 method=java.lang.AbstractStringBuilder.append(Ljava/lang/String;)Ljava/lang/AbstractStringBuilder; @ 1 c2
Event: 3.748 Thread 0x000002bd2f0b4a60 DEOPT PACKING pc=0x000002bd3a0948e8 sp=0x000000d00c0fc2e0
Event: 3.748 Thread 0x000002bd2f0b4a60 DEOPT UNPACKING pc=0x000002bd39b069a3 sp=0x000000d00c0fc2c8 mode 2

Classes unloaded (0 events):
No events

Classes redefined (0 events):
No events

Internal exceptions (20 events):
Event: 35.996 Thread 0x000002bd4c8af920 Exception <a 'java/io/IOException'{0x00000000a7b91498}> (0x00000000a7b91498) 
thrown [s\src\hotspot\share\prims\jni.cpp, line 517]
Event: 35.997 Thread 0x000002bd4c8af920 Exception <a 'java/io/IOException'{0x00000000a7b91a50}> (0x00000000a7b91a50) 
thrown [s\src\hotspot\share\prims\jni.cpp, line 517]
Event: 35.997 Thread 0x000002bd4c8af920 Exception <a 'java/io/IOException'{0x00000000a7b92058}> (0x00000000a7b92058) 
thrown [s\src\hotspot\share\prims\jni.cpp, line 517]
Event: 35.997 Thread 0x000002bd4c8af920 Exception <a 'java/io/IOException'{0x00000000a7b92610}> (0x00000000a7b92610) 
thrown [s\src\hotspot\share\prims\jni.cpp, line 517]
Event: 35.997 Thread 0x000002bd4c8af920 Exception <a 'java/io/IOException'{0x00000000a7b92d78}> (0x00000000a7b92d78) 
thrown [s\src\hotspot\share\prims\jni.cpp, line 517]
Event: 35.997 Thread 0x000002bd4c8af920 Exception <a 'java/io/IOException'{0x00000000a7b93330}> (0x00000000a7b93330) 
thrown [s\src\hotspot\share\prims\jni.cpp, line 517]
Event: 35.997 Thread 0x000002bd4c8af920 Exception <a 'java/io/IOException'{0x00000000a7b93938}> (0x00000000a7b93938) 
thrown [s\src\hotspot\share\prims\jni.cpp, line 517]
Event: 35.997 Thread 0x000002bd4c8af920 Exception <a 'java/io/IOException'{0x00000000a7b93ef0}> (0x00000000a7b93ef0) 
thrown [s\src\hotspot\share\prims\jni.cpp, line 517]
Event: 35.997 Thread 0x000002bd4c8af920 Exception <a 'java/io/IOException'{0x00000000a7b94628}> (0x00000000a7b94628) 
thrown [s\src\hotspot\share\prims\jni.cpp, line 517]
Event: 35.997 Thread 0x000002bd4c8af920 Exception <a 'java/io/IOException'{0x00000000a7b94be0}> (0x00000000a7b94be0) 
thrown [s\src\hotspot\share\prims\jni.cpp, line 517]
Event: 35.997 Thread 0x000002bd4c8af920 Exception <a 'java/io/IOException'{0x00000000a7b951e8}> (0x00000000a7b951e8) 
thrown [s\src\hotspot\share\prims\jni.cpp, line 517]
Event: 35.997 Thread 0x000002bd4c8af920 Exception <a 'java/io/IOException'{0x00000000a7b957a0}> (0x00000000a7b957a0) 
thrown [s\src\hotspot\share\prims\jni.cpp, line 517]
Event: 35.998 Thread 0x000002bd4c8af920 Exception <a 'java/io/IOException'{0x00000000a7b95f00}> (0x00000000a7b95f00) 
thrown [s\src\hotspot\share\prims\jni.cpp, line 517]
Event: 35.998 Thread 0x000002bd4c8af920 Exception <a 'java/io/IOException'{0x00000000a7b964b8}> (0x00000000a7b964b8) 
thrown [s\src\hotspot\share\prims\jni.cpp, line 517]
Event: 35.998 Thread 0x000002bd4c8af920 Exception <a 'java/io/IOException'{0x00000000a7b96ac0}> (0x00000000a7b96ac0) 
thrown [s\src\hotspot\share\prims\jni.cpp, line 517]
Event: 35.998 Thread 0x000002bd4c8af920 Exception <a 'java/io/IOException'{0x00000000a7b97078}> (0x00000000a7b97078) 
thrown [s\src\hotspot\share\prims\jni.cpp, line 517]
Event: 35.998 Thread 0x000002bd4c8af920 Exception <a 'java/io/IOException'{0x00000000a7b97768}> (0x00000000a7b97768) 
thrown [s\src\hotspot\share\prims\jni.cpp, line 517]
Event: 35.998 Thread 0x000002bd4c8af920 Exception <a 'java/io/IOException'{0x00000000a7b97d20}> (0x00000000a7b97d20) 
thrown [s\src\hotspot\share\prims\jni.cpp, line 517]
Event: 35.998 Thread 0x000002bd4c8af920 Exception <a 'java/io/IOException'{0x00000000a7b98328}> (0x00000000a7b98328) 
thrown [s\src\hotspot\share\prims\jni.cpp, line 517]
Event: 35.998 Thread 0x000002bd4c8af920 Exception <a 'java/io/IOException'{0x00000000a7b988e0}> (0x00000000a7b988e0) 
thrown [s\src\hotspot\share\prims\jni.cpp, line 517]

VM Operations (20 events):
Event: 1.971 Executing VM operation: HandshakeAllThreads
Event: 1.971 Executing VM operation: HandshakeAllThreads done
Event: 2.273 Executing VM operation: G1CollectForAllocation
Event: 2.276 Executing VM operation: G1CollectForAllocation done
Event: 2.347 Executing VM operation: HandshakeAllThreads
Event: 2.347 Executing VM operation: HandshakeAllThreads done
Event: 2.586 Executing VM operation: HandshakeAllThreads
Event: 2.586 Executing VM operation: HandshakeAllThreads done
Event: 3.599 Executing VM operation: Cleanup
Event: 3.599 Executing VM operation: Cleanup done
Event: 4.614 Executing VM operation: Cleanup
Event: 4.614 Executing VM operation: Cleanup done
Event: 7.652 Executing VM operation: Cleanup
Event: 7.653 Executing VM operation: Cleanup done
Event: 18.787 Executing VM operation: Cleanup
Event: 18.787 Executing VM operation: Cleanup done
Event: 27.869 Executing VM operation: Cleanup
Event: 27.869 Executing VM operation: Cleanup done
Event: 35.989 Executing VM operation: Cleanup
Event: 35.990 Executing VM operation: Cleanup done

Events (20 events):
Event: 9.335 loading class jdk/internal/reflect/ByteVectorFactory
Event: 9.335 loading class jdk/internal/reflect/ByteVectorFactory done
Event: 9.335 loading class jdk/internal/reflect/ByteVectorImpl
Event: 9.335 loading class jdk/internal/reflect/ByteVector
Event: 9.335 loading class jdk/internal/reflect/ByteVector done
Event: 9.335 loading class jdk/internal/reflect/ByteVectorImpl done
Event: 9.335 loading class jdk/internal/reflect/ClassFileAssembler
Event: 9.335 loading class jdk/internal/reflect/ClassFileAssembler done
Event: 9.336 loading class jdk/internal/reflect/UTF8
Event: 9.336 loading class jdk/internal/reflect/UTF8 done
Event: 9.336 loading class jdk/internal/reflect/Label
Event: 9.336 loading class jdk/internal/reflect/Label done
Event: 9.336 loading class jdk/internal/reflect/Label$PatchInfo
Event: 9.336 loading class jdk/internal/reflect/Label$PatchInfo done
Event: 9.337 loading class jdk/internal/reflect/MethodAccessorGenerator$1
Event: 9.337 loading class jdk/internal/reflect/MethodAccessorGenerator$1 done
Event: 9.337 loading class jdk/internal/reflect/ClassDefiner
Event: 9.337 loading class jdk/internal/reflect/ClassDefiner done
Event: 9.337 loading class jdk/internal/reflect/ClassDefiner$1
Event: 9.337 loading class jdk/internal/reflect/ClassDefiner$1 done


Dynamic libraries:
0x00007ff64a170000 - 0x00007ff64a17a000 	C:\Program Files\Android\Android Studio\jbr\bin\java.exe
0x00007ffd09bd0000 - 0x00007ffd09de6000 	C:\WINDOWS\SYSTEM32\ntdll.dll
0x00007ffccd260000 - 0x00007ffccd279000 	C:\Program Files\Avast Software\Avast\aswhook.dll
0x00007ffd093a0000 - 0x00007ffd09464000 	C:\WINDOWS\System32\KERNEL32.DLL
0x00007ffd070d0000 - 0x00007ffd07477000 	C:\WINDOWS\System32\KERNELBASE.dll
0x00007ffd07480000 - 0x00007ffd07591000 	C:\WINDOWS\System32\ucrtbase.dll
0x00007ffced0c0000 - 0x00007ffced0d7000 	C:\Program Files\Android\Android Studio\jbr\bin\jli.dll
0x00007ffd08c50000 - 0x00007ffd08dfe000 	C:\WINDOWS\System32\USER32.dll
0x00007ffd07610000 - 0x00007ffd07636000 	C:\WINDOWS\System32\win32u.dll
0x00007ffd09b60000 - 0x00007ffd09b89000 	C:\WINDOWS\System32\GDI32.dll
0x00007ffd07640000 - 0x00007ffd07759000 	C:\WINDOWS\System32\gdi32full.dll
0x00007ffd06fb0000 - 0x00007ffd0704a000 	C:\WINDOWS\System32\msvcp_win.dll
0x00007ffce26e0000 - 0x00007ffce26fb000 	C:\Program Files\Android\Android Studio\jbr\bin\VCRUNTIME140.dll
0x00007ffd061e0000 - 0x00007ffd06473000 	C:\WINDOWS\WinSxS\amd64_microsoft.windows.common-controls_6595b64144ccf1df_6.0.22621.3235_none_270f74e173860f98\COMCTL32.dll
0x00007ffd08e10000 - 0x00007ffd08eb7000 	C:\WINDOWS\System32\msvcrt.dll
0x00007ffd08c10000 - 0x00007ffd08c41000 	C:\WINDOWS\System32\IMM32.DLL
0x00007ffcf30e0000 - 0x00007ffcf30ec000 	C:\Program Files\Android\Android Studio\jbr\bin\vcruntime140_1.dll
0x00007ffcbd080000 - 0x00007ffcbd10d000 	C:\Program Files\Android\Android Studio\jbr\bin\msvcp140.dll
0x00007ffc91420000 - 0x00007ffc920a3000 	C:\Program Files\Android\Android Studio\jbr\bin\server\jvm.dll
0x00007ffd095f0000 - 0x00007ffd096a2000 	C:\WINDOWS\System32\ADVAPI32.dll
0x00007ffd09470000 - 0x00007ffd09518000 	C:\WINDOWS\System32\sechost.dll
0x00007ffd078d0000 - 0x00007ffd078f8000 	C:\WINDOWS\System32\bcrypt.dll
0x00007ffd08af0000 - 0x00007ffd08c05000 	C:\WINDOWS\System32\RPCRT4.dll
0x00007ffcec620000 - 0x00007ffcec629000 	C:\WINDOWS\SYSTEM32\WSOCK32.dll
0x00007ffd06dc0000 - 0x00007ffd06e0d000 	C:\WINDOWS\SYSTEM32\POWRPROF.dll
0x00007ffd03bb0000 - 0x00007ffd03be4000 	C:\WINDOWS\SYSTEM32\WINMM.dll
0x00007ffd09820000 - 0x00007ffd09891000 	C:\WINDOWS\System32\WS2_32.dll
0x00007ffcfd0b0000 - 0x00007ffcfd0ba000 	C:\WINDOWS\SYSTEM32\VERSION.dll
0x00007ffd06da0000 - 0x00007ffd06db3000 	C:\WINDOWS\SYSTEM32\UMPDC.dll
0x00007ffd05670000 - 0x00007ffd05688000 	C:\WINDOWS\SYSTEM32\kernel.appcore.dll
0x00007ffd01050000 - 0x00007ffd0105a000 	C:\Program Files\Android\Android Studio\jbr\bin\jimage.dll
0x00007ffd06770000 - 0x00007ffd069a3000 	C:\WINDOWS\SYSTEM32\DBGHELP.DLL
0x00007ffd09000000 - 0x00007ffd09388000 	C:\WINDOWS\System32\combase.dll
0x00007ffd08420000 - 0x00007ffd084f7000 	C:\WINDOWS\System32\OLEAUT32.dll
0x00007ffd06660000 - 0x00007ffd06692000 	C:\WINDOWS\SYSTEM32\dbgcore.DLL
0x00007ffd07050000 - 0x00007ffd070c9000 	C:\WINDOWS\System32\bcryptPrimitives.dll
0x00007ffcef840000 - 0x00007ffcef865000 	C:\Program Files\Android\Android Studio\jbr\bin\java.dll
0x00007ffcef890000 - 0x00007ffcef8a8000 	C:\Program Files\Android\Android Studio\jbr\bin\zip.dll
0x00007ffd07b90000 - 0x00007ffd083ec000 	C:\WINDOWS\System32\SHELL32.dll
0x00007ffd04440000 - 0x00007ffd04d39000 	C:\WINDOWS\SYSTEM32\windows.storage.dll
0x00007ffd042e0000 - 0x00007ffd0441e000 	C:\WINDOWS\SYSTEM32\wintypes.dll
0x00007ffd09720000 - 0x00007ffd09813000 	C:\WINDOWS\System32\SHCORE.dll
0x00007ffd07b10000 - 0x00007ffd07b6e000 	C:\WINDOWS\System32\shlwapi.dll
0x00007ffd06e20000 - 0x00007ffd06e41000 	C:\WINDOWS\SYSTEM32\profapi.dll
0x00007ffcef780000 - 0x00007ffcef799000 	C:\Program Files\Android\Android Studio\jbr\bin\net.dll
0x00007ffcfe250000 - 0x00007ffcfe386000 	C:\WINDOWS\SYSTEM32\WINHTTP.dll
0x00007ffd05b00000 - 0x00007ffd05b69000 	C:\WINDOWS\system32\mswsock.dll
0x00007ffced0e0000 - 0x00007ffced0f6000 	C:\Program Files\Android\Android Studio\jbr\bin\nio.dll
0x00007ffcfa490000 - 0x00007ffcfa4a0000 	C:\Program Files\Android\Android Studio\jbr\bin\verify.dll
0x00007ffcbd3c0000 - 0x00007ffcbd3e7000 	C:\Users\Taffy\.gradle\native\e1d6ef7f7dcc3fd88c89a11ec53ec762bb8ba0a96d01ffa2cd45eb1d1d8dd5c5\windows-amd64\native-platform.dll
0x00007ffcfdf20000 - 0x00007ffcfdf29000 	C:\Program Files\Android\Android Studio\jbr\bin\management.dll
0x00007ffcfcef0000 - 0x00007ffcfcefb000 	C:\Program Files\Android\Android Studio\jbr\bin\management_ext.dll
0x00007ffd09390000 - 0x00007ffd09398000 	C:\WINDOWS\System32\PSAPI.DLL
0x00007ffd06aa0000 - 0x00007ffd06abb000 	C:\WINDOWS\SYSTEM32\CRYPTSP.dll
0x00007ffd05780000 - 0x00007ffd057b5000 	C:\WINDOWS\system32\rsaenh.dll
0x00007ffd05c00000 - 0x00007ffd05c28000 	C:\WINDOWS\SYSTEM32\USERENV.dll
0x00007ffd05d60000 - 0x00007ffd05d6c000 	C:\WINDOWS\SYSTEM32\CRYPTBASE.dll
0x00007ffd05170000 - 0x00007ffd0519d000 	C:\WINDOWS\SYSTEM32\IPHLPAPI.DLL
0x00007ffd08e00000 - 0x00007ffd08e09000 	C:\WINDOWS\System32\NSI.dll
0x00007ffcfe600000 - 0x00007ffcfe619000 	C:\WINDOWS\SYSTEM32\dhcpcsvc6.DLL
0x00007ffcfe010000 - 0x00007ffcfe02f000 	C:\WINDOWS\SYSTEM32\dhcpcsvc.DLL
0x00007ffd051f0000 - 0x00007ffd052e9000 	C:\WINDOWS\SYSTEM32\DNSAPI.dll
0x00007ffcbb9a0000 - 0x00007ffcbb9a8000 	C:\WINDOWS\system32\wshunix.dll

dbghelp: loaded successfully - version: 4.0.5 - missing functions: none
symbol engine: initialized successfully - sym options: 0x614 - pdb path: .;C:\Program Files\Android\Android Studio\jbr\bin;C:\WINDOWS\SYSTEM32;C:\Program Files\Avast Software\Avast;C:\WINDOWS\WinSxS\amd64_microsoft.windows.common-controls_6595b64144ccf1df_6.0.22621.3235_none_270f74e173860f98;C:\Program Files\Android\Android Studio\jbr\bin\server;C:\Users\Taffy\.gradle\native\e1d6ef7f7dcc3fd88c89a11ec53ec762bb8ba0a96d01ffa2cd45eb1d1d8dd5c5\windows-amd64

VM Arguments:
jvm_args: -Dorg.gradle.appname=gradlew 
java_command: org.gradle.wrapper.GradleWrapperMain -q -Ptarget-platform=android-x64 -Ptarget=C:\Users\Taffy\OneDrive\Documents\MSc Fintech\IGP\igp_flutter_applications\TEAM6 APP\lib\main.dart -Pbase-application-name=android.app.Application -Pdart-defines=Zmx1dHRlci5pbnNwZWN0b3Iuc3RydWN0dXJlZEVycm9ycz10cnVl,RkxVVFRFUl9XRUJfQVVUT19ERVRFQ1Q9dHJ1ZQ==,RkxVVFRFUl9XRUJfQ0FOVkFTS0lUX1VSTD1odHRwczovL3d3dy5nc3RhdGljLmNvbS9mbHV0dGVyLWNhbnZhc2tpdC9hNWMyNGY1MzhkMDVhYWY2NmY3OTcyZmIyMzk1OWQ4Y2FmYjlmOTVhLw== -Pdart-obfuscation=false -Ptrack-widget-creation=true -Ptree-shake-icons=false -Pfilesystem-scheme=org-dartlang-root assembleDebug
java_class_path (initial): C:\Users\Taffy\OneDrive\Documents\MSc Fintech\IGP\igp_flutter_applications\TEAM6 APP\android\\gradle\wrapper\gradle-wrapper.jar
Launcher Type: SUN_STANDARD

[Global flags]
     intx CICompilerCount                          = 3                                         {product} {ergonomic}
     uint ConcGCThreads                            = 1                                         {product} {ergonomic}
     uint G1ConcRefinementThreads                  = 4                                         {product} {ergonomic}
   size_t G1HeapRegionSize                         = 1048576                                   {product} {ergonomic}
    uintx GCDrainStackTargetSize                   = 64                                        {product} {ergonomic}
   size_t InitialHeapSize                          = 100663296                                 {product} {ergonomic}
   size_t MarkStackSize                            = 4194304                                   {product} {ergonomic}
   size_t MaxHeapSize                              = 1581252608                                {product} {ergonomic}
   size_t MaxNewSize                               = 947912704                                 {product} {ergonomic}
   size_t MinHeapDeltaBytes                        = 1048576                                   {product} {ergonomic}
   size_t MinHeapSize                              = 8388608                                   {product} {ergonomic}
    uintx NonNMethodCodeHeapSize                   = 5832780                                {pd product} {ergonomic}
    uintx NonProfiledCodeHeapSize                  = 122912730                              {pd product} {ergonomic}
    uintx ProfiledCodeHeapSize                     = 122912730                              {pd product} {ergonomic}
    uintx ReservedCodeCacheSize                    = 251658240                              {pd product} {ergonomic}
     bool SegmentedCodeCache                       = true                                      {product} {ergonomic}
   size_t SoftMaxHeapSize                          = 1581252608                             {manageable} {ergonomic}
     bool UseCompressedClassPointers               = true                           {product lp64_product} {ergonomic}
     bool UseCompressedOops                        = true                           {product lp64_product} {ergonomic}
     bool UseG1GC                                  = true                                      {product} {ergonomic}
     bool UseLargePagesIndividualAllocation        = false                                  {pd product} {ergonomic}

Logging:
Log output configuration:
 #0: stdout all=warning uptime,level,tags
 #1: stderr all=off uptime,level,tags

Environment Variables:
JAVA_HOME=C:\Program Files\Android\Android Studio\jbr
CLASSPATH=C:\Users\Taffy\OneDrive\Documents\MSc Fintech\IGP\igp_flutter_applications\TEAM6 APP\android\\gradle\wrapper\gradle-wrapper.jar
PATH=C:\Program Files\Android\Android Studio\jbr\bin;C:\WINDOWS\system32;C:\WINDOWS;C:\WINDOWS\System32\Wbem;C:\WINDOWS\System32\WindowsPowerShell\v1.0\;C:\WINDOWS\System32\OpenSSH\;C:\Program Files\dotnet\;C:\Program Files\Git\cmd;C:\Users\Taffy\AppData\Local\Microsoft\WindowsApps;C:\Users\Taffy\flutter\bin;C:\Users\Taffy\AppData\Local\GitHubDesktop\bin;C:\Users\Taffy\flutter\bin\mingit\cmd
USERNAME=Taffy
OS=Windows_NT
PROCESSOR_IDENTIFIER=AMD64 Family 23 Model 24 Stepping 1, AuthenticAMD
TMP=C:\Users\Taffy\AppData\Local\Temp
TEMP=C:\Users\Taffy\AppData\Local\Temp



Periodic native trim disabled

JNI global refs:
JNI global refs: 18, weak refs: 0

JNI global refs memory usage: 843, weak refs: 841

OOME stack traces (most recent first):
Classloader memory used:
Loader bootstrap                                                                       : 1488K
Loader org.gradle.internal.classloader.VisitableURLClassLoader                         : 465K
Loader java.net.URLClassLoader                                                         : 25819B
Loader jdk.internal.loader.ClassLoaders$AppClassLoader                                 : 18431B
Loader jdk.internal.loader.ClassLoaders$PlatformClassLoader                            : 14153B
Loader jdk.internal.reflect.DelegatingClassLoader                                      : 439B

Classes loaded by more than one classloader:
Class org.gradle.internal.installation.GradleInstallation                             : loaded 2 times (x 73B)
Class org.gradle.cli.ParsedCommandLine                                                : loaded 2 times (x 78B)
Class org.gradle.internal.classpath.ClassPath                                         : loaded 2 times (x 68B)
Class org.gradle.api.Action                                                           : loaded 2 times (x 68B)
Class org.gradle.cli.CommandLineParser$OptionString                                   : loaded 2 times (x 71B)
Class org.gradle.internal.installation.GradleInstallation$1                           : loaded 2 times (x 73B)
Class org.gradle.cli.CommandLineParser$AfterOptions                                   : loaded 2 times (x 75B)
Class org.gradle.cli.CommandLineParser$AfterFirstSubCommand                           : loaded 2 times (x 75B)
Class org.gradle.internal.service.UnknownServiceException                             : loaded 2 times (x 81B)
Class org.gradle.api.GradleException                                                  : loaded 2 times (x 80B)
Class org.gradle.api.internal.classpath.ModuleRegistry                                : loaded 2 times (x 68B)
Class org.gradle.cli.CommandLineParser$KnownOptionParserState                         : loaded 2 times (x 74B)
Class org.gradle.cli.AbstractPropertiesCommandLineConverter                           : loaded 2 times (x 81B)
Class org.gradle.api.specs.Spec                                                       : loaded 2 times (x 68B)
Class org.gradle.cli.SystemPropertiesCommandLineConverter                             : loaded 2 times (x 81B)
Class org.gradle.internal.IoActions                                                   : loaded 2 times (x 69B)
Class org.gradle.internal.installation.CurrentGradleInstallation                      : loaded 2 times (x 71B)
Class org.gradle.internal.installation.CurrentGradleInstallationLocator               : loaded 2 times (x 69B)
Class org.gradle.internal.classpath.DefaultClassPath                                  : loaded 2 times (x 88B)
Class org.gradle.api.Transformer                                                      : loaded 2 times (x 68B)
Class org.gradle.cli.CommandLineParser                                                : loaded 2 times (x 77B)
Class org.gradle.cli.CommandLineParser$BeforeFirstSubCommand                          : loaded 2 times (x 75B)
Class org.gradle.cli.CommandLineOption                                                : loaded 2 times (x 84B)
Class org.gradle.cli.CommandLineParser$ParserState                                    : loaded 2 times (x 74B)
Class org.gradle.cli.CommandLineParser$MissingOptionArgState                          : loaded 2 times (x 75B)
Class org.gradle.api.UncheckedIOException                                             : loaded 2 times (x 80B)
Class org.gradle.cli.ParsedCommandLineOption                                          : loaded 2 times (x 74B)
Class org.gradle.internal.classloader.ClasspathUtil                                   : loaded 2 times (x 69B)
Class org.gradle.cli.CommandLineParser$UnknownOptionParserState                       : loaded 2 times (x 74B)
Class org.gradle.internal.service.ServiceLookupException                              : loaded 2 times (x 80B)
Class org.gradle.util.internal.GUtil                                                  : loaded 2 times (x 69B)
Class org.gradle.cli.CommandLineParser$OptionAwareParserState                         : loaded 2 times (x 75B)
Class org.gradle.cli.CommandLineParser$OptionParserState                              : loaded 2 times (x 73B)
Class org.gradle.internal.Cast                                                        : loaded 2 times (x 69B)
Class org.gradle.cli.CommandLineConverter                                             : loaded 2 times (x 68B)
Class org.gradle.internal.classpath.DefaultClassPath$ImmutableUniqueList              : loaded 2 times (x 159B)
Class org.gradle.cli.AbstractCommandLineConverter                                     : loaded 2 times (x 77B)
Class org.gradle.cli.CommandLineArgumentException                                     : loaded 2 times (x 80B)


---------------  S Y S T E M  ---------------

OS:
 Windows 11 , 64 bit Build 22621 (10.0.22621.3374)
OS uptime: 0 days 10:43 hours

CPU: total 4 (initial active 4) (4 cores per cpu, 2 threads per core) family 23 model 24 stepping 1 microcode 0x0, cx8, cmov, fxsr, ht, mmx, 3dnowpref, sse, sse2, sse3, ssse3, sse4a, sse4.1, sse4.2, popcnt, lzcnt, tsc, tscinvbit, avx, avx2, aes, clmul, bmi1, bmi2, adx, sha, fma, vzeroupper, clflush, clflushopt
Processor Information for all 4 processors :
  Max Mhz: 2600, Current Mhz: 2600, Mhz Limit: 2600

Memory: 4k page, system-wide physical 6030M (78M free)
TotalPageFile size 24462M (AvailPageFile size 0M)
current process WorkingSet (physical memory assigned to process): 33M, peak: 87M
current process commit charge ("private bytes"): 185M, peak: 189M

vm_info: OpenJDK 64-Bit Server VM (17.0.9+0--11185874) for windows-amd64 JRE (17.0.9+0--11185874), built on Dec  6 2023 18:57:44 by "androidbuild" with MS VC++ 16.10 / 16.11 (VS2019)

END.
